<?xml version="1.0" encoding="UTF-8"?>
<robot generator="Robot 4.1 (Python 3.8.10 on linux)" generated="20210826 09:42:52.555" rpa="false" schemaversion="2">
<suite id="s1" name="Amazon" source="/home/ubuntu20/PycharmProjects/robot/Tests/Amazon.robot">
<test id="s1-t1" name="User must sign in to check out">
<kw name="Open Browser" library="SeleniumLibrary">
<arg>https://www.amazon.com</arg>
<arg>firefox</arg>
<doc>Opens a new browser instance to the optional ``url``.</doc>
<msg timestamp="20210826 09:42:52.822" level="INFO">Opening browser 'firefox' to base url 'https://www.amazon.com'.</msg>
<msg timestamp="20210826 09:42:52.825" level="INFO">Firefox driver log is always forced to to: /home/ubuntu20/PycharmProjects/robot/geckodriver-1.log</msg>
<status status="PASS" starttime="20210826 09:42:52.822" endtime="20210826 09:43:00.928"/>
</kw>
<kw name="Sleep" library="BuiltIn">
<arg>3s</arg>
<doc>Pauses the test executed for the given time.</doc>
<msg timestamp="20210826 09:43:03.930" level="INFO">Slept 3 seconds</msg>
<status status="PASS" starttime="20210826 09:43:00.928" endtime="20210826 09:43:03.930"/>
</kw>
<kw name="Input Text" library="SeleniumLibrary">
<arg>twotabsearchtextbox</arg>
<arg>Ferrari 458</arg>
<doc>Types the given ``text`` into the text field identified by ``locator``.</doc>
<msg timestamp="20210826 09:43:03.931" level="INFO">Typing text 'Ferrari 458' into text field 'twotabsearchtextbox'.</msg>
<status status="PASS" starttime="20210826 09:43:03.930" endtime="20210826 09:43:04.125"/>
</kw>
<kw name="Click Button" library="SeleniumLibrary">
<arg>xpath=//*[@id="nav-search-submit-button"]</arg>
<doc>Clicks the button identified by ``locator``.</doc>
<msg timestamp="20210826 09:43:04.126" level="INFO">Clicking button 'xpath=//*[@id="nav-search-submit-button"]'.</msg>
<status status="PASS" starttime="20210826 09:43:04.125" endtime="20210826 09:43:06.397"/>
</kw>
<doc>This is some basic information about the test</doc>
<tag>Smoke</tag>
<status status="PASS" starttime="20210826 09:42:52.821" endtime="20210826 09:43:06.397"/>
</test>
<doc>This is some basic info about the whole suite</doc>
<status status="PASS" starttime="20210826 09:42:52.556" endtime="20210826 09:43:06.398"/>
</suite>
<statistics>
<total>
<stat pass="1" fail="0" skip="0">All Tests</stat>
</total>
<tag>
<stat pass="1" fail="0" skip="0">Smoke</stat>
</tag>
<suite>
<stat pass="1" fail="0" skip="0" id="s1" name="Amazon">Amazon</stat>
</suite>
</statistics>
<errors>
</errors>
</robot>
