<?xml version="1.0" encoding="UTF-8"?>
<robot generator="Robot 4.1 (Python 3.8.10 on linux)" generated="20210825 16:08:47.617" rpa="false" schemaversion="2">
<suite id="s1" name="Amazon" source="/home/ubuntu20/PycharmProjects/robot/Tests/Amazon.robot">
<test id="s1-t1" name="User must sign in to check out">
<kw name="Open Browser" library="SeleniumLibrary">
<arg>https://www.amazon.com</arg>
<arg>firefox</arg>
<doc>Opens a new browser instance to the optional ``url``.</doc>
<msg timestamp="20210825 16:08:47.750" level="INFO">Opening browser 'firefox' to base url 'https://www.amazon.com'.</msg>
<msg timestamp="20210825 16:08:47.751" level="INFO">Firefox driver log is always forced to to: /home/ubuntu20/PycharmProjects/robot/results/geckodriver-6.log</msg>
<status status="PASS" starttime="20210825 16:08:47.750" endtime="20210825 16:08:59.784"/>
</kw>
<kw name="Sleep" library="BuiltIn">
<arg>3s</arg>
<doc>Pauses the test executed for the given time.</doc>
<msg timestamp="20210825 16:09:02.971" level="INFO">Slept 3 seconds</msg>
<status status="PASS" starttime="20210825 16:08:59.874" endtime="20210825 16:09:02.971"/>
</kw>
<kw name="Input Text" library="SeleniumLibrary">
<arg>twotabsearchtextbox</arg>
<arg>Ferrari 458</arg>
<doc>Types the given ``text`` into the text field identified by ``locator``.</doc>
<msg timestamp="20210825 16:09:02.977" level="INFO">Typing text 'Ferrari 458' into text field 'twotabsearchtextbox'.</msg>
<status status="PASS" starttime="20210825 16:09:02.975" endtime="20210825 16:09:03.670"/>
</kw>
<kw name="Click Button" library="SeleniumLibrary">
<arg>xpath=//*[@id="nav-search-submit-button"]</arg>
<doc>Clicks the button identified by ``locator``.</doc>
<msg timestamp="20210825 16:09:03.674" level="INFO">Clicking button 'xpath=//*[@id="nav-search-submit-button"]'.</msg>
<status status="PASS" starttime="20210825 16:09:03.672" endtime="20210825 16:09:07.302"/>
</kw>
<doc>This is some basic information about the test</doc>
<tag>Smoke</tag>
<status status="PASS" starttime="20210825 16:08:47.748" endtime="20210825 16:09:07.303"/>
</test>
<doc>This is some basic info about the whole suite</doc>
<status status="PASS" starttime="20210825 16:08:47.618" endtime="20210825 16:09:07.305"/>
</suite>
<statistics>
<total>
<stat pass="1" fail="0" skip="0">All Tests</stat>
</total>
<tag>
<stat pass="1" fail="0" skip="0">Smoke</stat>
</tag>
<suite>
<stat pass="1" fail="0" skip="0" id="s1" name="Amazon">Amazon</stat>
</suite>
</statistics>
<errors>
</errors>
</robot>
